<?xml version="1.0" encoding="UTF-8"?>
<testsuite xmlns:xsi="http://www.w3.org/2001/XMLSchema-instance" xsi:noNamespaceSchemaLocation="https://maven.apache.org/surefire/maven-surefire-plugin/xsd/surefire-test-report.xsd" version="3.0.2" name="com.backend.spendwise.SpendwiseApplicationTests" time="21.83" tests="1" errors="0" skipped="0" failures="0">
  <properties>
[...]
</properties>
  <testcase name="contextLoads" classname="com.backend.spendwise.SpendwiseApplicationTests" time="0.509">
    <system-out><![CDATA[21:53:01.791 [main] INFO org.springframework.test.context.support.AnnotationConfigContextLoaderUtils -- Could not detect default configuration classes for test class [com.backend.spendwise.SpendwiseApplicationTests]: SpendwiseApplicationTests does not declare any static, non-private, non-final, nested classes annotated with @Configuration.
21:53:01.937 [main] INFO org.springframework.boot.test.context.SpringBootTestContextBootstrapper -- Found @SpringBootConfiguration com.backend.spendwise.SpendwiseApplication for test class com.backend.spendwise.SpendwiseApplicationTests

  .   ____          _            __ _ _
 /\\ / ___'_ __ _ _(_)_ __  __ _ \ \ \ \
( ( )\___ | '_ | '_| | '_ \/ _` | \ \ \ \
 \\/  ___)| |_)| | | | | || (_| |  ) ) ) )
  '  |____| .__|_| |_|_| |_\__, | / / / /
 =========|_|==============|___/=/_/_/_/

 :: Spring Boot ::                (v3.5.4)

2025-08-03T21:53:02.647+05:30  INFO 22120 --- [spendwise] [           main] c.b.spendwise.SpendwiseApplicationTests  : Starting SpendwiseApplicationTests using Java 17.0.12 with PID 22120 (started by HP in d:\Nakul\Web Development\Projects\SpendWise)
2025-08-03T21:53:02.650+05:30  INFO 22120 --- [spendwise] [           main] c.b.spendwise.SpendwiseApplicationTests  : The following 1 profile is active: "prod"
2025-08-03T21:53:04.389+05:30  INFO 22120 --- [spendwise] [           main] .s.d.r.c.RepositoryConfigurationDelegate : Bootstrapping Spring Data JPA repositories in DEFAULT mode.
2025-08-03T21:53:04.532+05:30  INFO 22120 --- [spendwise] [           main] .s.d.r.c.RepositoryConfigurationDelegate : Finished Spring Data repository scanning in 121 ms. Found 4 JPA repository interfaces.
2025-08-03T21:53:05.506+05:30  INFO 22120 --- [spendwise] [           main] o.hibernate.jpa.internal.util.LogHelper  : HHH000204: Processing PersistenceUnitInfo [name: default]
2025-08-03T21:53:05.607+05:30  INFO 22120 --- [spendwise] [           main] org.hibernate.Version                    : HHH000412: Hibernate ORM core version 6.6.22.Final
2025-08-03T21:53:05.661+05:30  INFO 22120 --- [spendwise] [           main] o.h.c.internal.RegionFactoryInitiator    : HHH000026: Second-level cache disabled
2025-08-03T21:53:06.180+05:30  INFO 22120 --- [spendwise] [           main] o.s.o.j.p.SpringPersistenceUnitInfo      : No LoadTimeWeaver setup: ignoring JPA class transformer
2025-08-03T21:53:06.224+05:30  INFO 22120 --- [spendwise] [           main] com.zaxxer.hikari.HikariDataSource       : HikariPool-1 - Starting...
2025-08-03T21:53:09.022+05:30  INFO 22120 --- [spendwise] [           main] com.zaxxer.hikari.pool.HikariPool        : HikariPool-1 - Added connection org.postgresql.jdbc.PgConnection@2633d09c
2025-08-03T21:53:09.024+05:30  INFO 22120 --- [spendwise] [           main] com.zaxxer.hikari.HikariDataSource       : HikariPool-1 - Start completed.
2025-08-03T21:53:10.494+05:30  INFO 22120 --- [spendwise] [           main] org.hibernate.orm.connections.pooling    : HHH10001005: Database info:
	Database JDBC URL [Connecting through datasource 'HikariDataSource (HikariPool-1)']
	Database driver: undefined/unknown
	Database version: 17.5
	Autocommit mode: undefined/unknown
	Isolation level: undefined/unknown
	Minimum pool size: undefined/unknown
	Maximum pool size: undefined/unknown
2025-08-03T21:53:11.403+05:30  INFO 22120 --- [spendwise] [           main] o.h.e.t.j.p.i.JtaPlatformInitiator       : HHH000489: No JTA platform available (set 'hibernate.transaction.jta.platform' to enable JTA platform integration)
2025-08-03T21:53:20.213+05:30  INFO 22120 --- [spendwise] [           main] j.LocalContainerEntityManagerFactoryBean : Initialized JPA EntityManagerFactory for persistence unit 'default'
2025-08-03T21:53:20.704+05:30  INFO 22120 --- [spendwise] [           main] o.s.d.j.r.query.QueryEnhancerFactory     : Hibernate is in classpath; If applicable, HQL parser will be used.
2025-08-03T21:53:21.655+05:30  WARN 22120 --- [spendwise] [           main] JpaBaseConfiguration$JpaWebConfiguration : spring.jpa.open-in-view is enabled by default. Therefore, database queries may be performed during view rendering. Explicitly configure spring.jpa.open-in-view to disable this warning
2025-08-03T21:53:21.693+05:30  INFO 22120 --- [spendwise] [           main] eAuthenticationProviderManagerConfigurer : Global AuthenticationManager configured with AuthenticationProvider bean with name daoAuthenticationProvider
2025-08-03T21:53:21.694+05:30  WARN 22120 --- [spendwise] [           main] r$InitializeUserDetailsManagerConfigurer : Global AuthenticationManager configured with an AuthenticationProvider bean. UserDetailsService beans will not be used by Spring Security for automatically configuring username/password login. Consider removing the AuthenticationProvider bean. Alternatively, consider using the UserDetailsService in a manually instantiated DaoAuthenticationProvider. If the current configuration is intentional, to turn off this warning, increase the logging level of 'org.springframework.security.config.annotation.authentication.configuration.InitializeUserDetailsBeanManagerConfigurer' to ERROR
2025-08-03T21:53:22.182+05:30  INFO 22120 --- [spendwise] [           main] o.s.b.a.e.web.EndpointLinksResolver      : Exposing 1 endpoint beneath base path '/actuator'
2025-08-03T21:53:22.809+05:30  INFO 22120 --- [spendwise] [           main] c.b.spendwise.SpendwiseApplicationTests  : Started SpendwiseApplicationTests in 20.64 seconds (process running for 22.363)
]]></system-out>
  </testcase>
</testsuite>